<html>
<head>
<title>TestNG:  Test</title>
<link href="../testng.css" rel="stylesheet" type="text/css" />
<link href="../my-testng.css" rel="stylesheet" type="text/css" />

<style type="text/css">
.log { display: none;} 
.stack-trace { display: none;} 
</style>
<script type="text/javascript">
<!--
function flip(e) {
  current = e.style.display;
  if (current == 'block') {
    e.style.display = 'none';
    return 0;
  }
  else {
    e.style.display = 'block';
    return 1;
  }
}

function toggleBox(szDivId, elem, msg1, msg2)
{
  var res = -1;  if (document.getElementById) {
    res = flip(document.getElementById(szDivId));
  }
  else if (document.all) {
    // this is the way old msie versions work
    res = flip(document.all[szDivId]);
  }
  if(elem) {
    if(res == 0) elem.innerHTML = msg1; else elem.innerHTML = msg2;
  }

}

function toggleAllBoxes() {
  if (document.getElementsByTagName) {
    d = document.getElementsByTagName('div');
    for (i = 0; i < d.length; i++) {
      if (d[i].className == 'log') {
        flip(d[i]);
      }
    }
  }
}

// -->
</script>

</head>
<body>
<h2 align='center'>Test</h2><table border='1' align="center">
<tr>
<td>Tests passed/Failed/Skipped:</td><td>21/1/0</td>
</tr><tr>
<td>Started on:</td><td>Sat Mar 06 20:01:46 IST 2021</td>
</tr>
<tr><td>Total time:</td><td>134 seconds (134448 ms)</td>
</tr><tr>
<td>Included groups:</td><td></td>
</tr><tr>
<td>Excluded groups:</td><td></td>
</tr>
</table><p/>
<small><i>(Hover the method name to see the test class name)</i></small><p/>
<table width='100%' border='1' class='invocation-failed'>
<tr><td colspan='4' align='center'><b>FAILED TESTS</b></td></tr>
<tr><td><b>Test method</b></td>
<td width="30%"><b>Exception</b></td>
<td width="10%"><b>Time (seconds)</b></td>
<td><b>Instance</b></td>
</tr>
<tr>
<td title='common.listners.OrangeHrm.Test1()'><b>Test1</b><br>Test class: common.listners.OrangeHrm</td>
<td><div><pre>org.openqa.selenium.NoSuchElementException: no such element: Unable to locate element: {&quot;method&quot;:&quot;css selector&quot;,&quot;selector&quot;:&quot;#btnLogin1&quot;}
  (Session info: chrome=88.0.4324.190)
For documentation on this error, please visit: https://www.seleniumhq.org/exceptions/no_such_element.html
Build info: version: &apos;3.141.59&apos;, revision: &apos;e82be7d358&apos;, time: &apos;2018-11-14T08:17:03&apos;
System info: host: &apos;VAIBHAV&apos;, ip: &apos;192.168.43.235&apos;, os.name: &apos;Windows 8.1&apos;, os.arch: &apos;amd64&apos;, os.version: &apos;6.3&apos;, java.version: &apos;1.8.0_121&apos;
Driver info: org.openqa.selenium.chrome.ChromeDriver
Capabilities {acceptInsecureCerts: false, browserName: chrome, browserVersion: 88.0.4324.190, chrome: {chromedriverVersion: 87.0.4280.88 (89e2380a3e36c..., userDataDir: C:\Users\qq\AppData\Local\T...}, goog:chromeOptions: {debuggerAddress: localhost:64625}, javascriptEnabled: true, networkConnectionEnabled: false, pageLoadStrategy: normal, platform: WINDOWS, platformName: WINDOWS, proxy: Proxy(), setWindowRect: true, strictFileInteractability: false, timeouts: {implicit: 0, pageLoad: 300000, script: 30000}, unhandledPromptBehavior: dismiss and notify, webauthn:virtualAuthenticators: true}
Session ID: 7d44f40599d9c5f9355719f076d24db2
*** Element info: {Using=id, value=btnLogin1}
	at org.openqa.selenium.remote.http.W3CHttpResponseCodec.createException(W3CHttpResponseCodec.java:187)
	at org.openqa.selenium.remote.http.W3CHttpResponseCodec.decode(W3CHttpResponseCodec.java:122)
	at org.openqa.selenium.remote.http.W3CHttpResponseCodec.decode(W3CHttpResponseCodec.java:49)
	at org.openqa.selenium.remote.HttpCommandExecutor.execute(HttpCommandExecutor.java:158)
	at org.openqa.selenium.remote.service.DriverCommandExecutor.execute(DriverCommandExecutor.java:83)
	at org.openqa.selenium.remote.RemoteWebDriver.execute(RemoteWebDriver.java:552)
	at org.openqa.selenium.remote.RemoteWebDriver.findElement(RemoteWebDriver.java:323)
	at org.openqa.selenium.remote.RemoteWebDriver.findElementById(RemoteWebDriver.java:372)
	at org.openqa.selenium.By$ById.findElement(By.java:188)
	at org.openqa.selenium.remote.RemoteWebDriver.findElement(RemoteWebDriver.java:315)
	at common.listners.OrangeHrm.Test1(OrangeHrm.java:45)
... Removed 29 stack frames</pre></div><a href='#' onClick='toggleBox("stack-trace368603167", this, "Click to show all stack frames", "Click to hide stack frames")'>Click to show all stack frames</a>
<div class='stack-trace' id='stack-trace368603167'><pre>org.openqa.selenium.NoSuchElementException: no such element: Unable to locate element: {&quot;method&quot;:&quot;css selector&quot;,&quot;selector&quot;:&quot;#btnLogin1&quot;}
  (Session info: chrome=88.0.4324.190)
For documentation on this error, please visit: https://www.seleniumhq.org/exceptions/no_such_element.html
Build info: version: &apos;3.141.59&apos;, revision: &apos;e82be7d358&apos;, time: &apos;2018-11-14T08:17:03&apos;
System info: host: &apos;VAIBHAV&apos;, ip: &apos;192.168.43.235&apos;, os.name: &apos;Windows 8.1&apos;, os.arch: &apos;amd64&apos;, os.version: &apos;6.3&apos;, java.version: &apos;1.8.0_121&apos;
Driver info: org.openqa.selenium.chrome.ChromeDriver
Capabilities {acceptInsecureCerts: false, browserName: chrome, browserVersion: 88.0.4324.190, chrome: {chromedriverVersion: 87.0.4280.88 (89e2380a3e36c..., userDataDir: C:\Users\qq\AppData\Local\T...}, goog:chromeOptions: {debuggerAddress: localhost:64625}, javascriptEnabled: true, networkConnectionEnabled: false, pageLoadStrategy: normal, platform: WINDOWS, platformName: WINDOWS, proxy: Proxy(), setWindowRect: true, strictFileInteractability: false, timeouts: {implicit: 0, pageLoad: 300000, script: 30000}, unhandledPromptBehavior: dismiss and notify, webauthn:virtualAuthenticators: true}
Session ID: 7d44f40599d9c5f9355719f076d24db2
*** Element info: {Using=id, value=btnLogin1}
	at sun.reflect.NativeConstructorAccessorImpl.newInstance0(Native Method)
	at sun.reflect.NativeConstructorAccessorImpl.newInstance(NativeConstructorAccessorImpl.java:62)
	at sun.reflect.DelegatingConstructorAccessorImpl.newInstance(DelegatingConstructorAccessorImpl.java:45)
	at java.lang.reflect.Constructor.newInstance(Constructor.java:423)
	at org.openqa.selenium.remote.http.W3CHttpResponseCodec.createException(W3CHttpResponseCodec.java:187)
	at org.openqa.selenium.remote.http.W3CHttpResponseCodec.decode(W3CHttpResponseCodec.java:122)
	at org.openqa.selenium.remote.http.W3CHttpResponseCodec.decode(W3CHttpResponseCodec.java:49)
	at org.openqa.selenium.remote.HttpCommandExecutor.execute(HttpCommandExecutor.java:158)
	at org.openqa.selenium.remote.service.DriverCommandExecutor.execute(DriverCommandExecutor.java:83)
	at org.openqa.selenium.remote.RemoteWebDriver.execute(RemoteWebDriver.java:552)
	at org.openqa.selenium.remote.RemoteWebDriver.findElement(RemoteWebDriver.java:323)
	at org.openqa.selenium.remote.RemoteWebDriver.findElementById(RemoteWebDriver.java:372)
	at org.openqa.selenium.By$ById.findElement(By.java:188)
	at org.openqa.selenium.remote.RemoteWebDriver.findElement(RemoteWebDriver.java:315)
	at common.listners.OrangeHrm.Test1(OrangeHrm.java:45)
	at sun.reflect.NativeMethodAccessorImpl.invoke0(Native Method)
	at sun.reflect.NativeMethodAccessorImpl.invoke(NativeMethodAccessorImpl.java:62)
	at sun.reflect.DelegatingMethodAccessorImpl.invoke(DelegatingMethodAccessorImpl.java:43)
	at java.lang.reflect.Method.invoke(Method.java:498)
	at org.testng.internal.MethodInvocationHelper.invokeMethod(MethodInvocationHelper.java:124)
	at org.testng.internal.Invoker.invokeMethod(Invoker.java:580)
	at org.testng.internal.Invoker.invokeTestMethod(Invoker.java:716)
	at org.testng.internal.Invoker.invokeTestMethods(Invoker.java:988)
	at org.testng.internal.TestMethodWorker.invokeTestMethods(TestMethodWorker.java:125)
	at org.testng.internal.TestMethodWorker.run(TestMethodWorker.java:109)
	at org.testng.TestRunner.privateRun(TestRunner.java:648)
	at org.testng.TestRunner.run(TestRunner.java:505)
	at org.testng.SuiteRunner.runTest(SuiteRunner.java:455)
	at org.testng.SuiteRunner.runSequentially(SuiteRunner.java:450)
	at org.testng.SuiteRunner.privateRun(SuiteRunner.java:415)
	at org.testng.SuiteRunner.run(SuiteRunner.java:364)
	at org.testng.SuiteRunnerWorker.runSuite(SuiteRunnerWorker.java:52)
	at org.testng.SuiteRunnerWorker.run(SuiteRunnerWorker.java:84)
	at org.testng.TestNG.runSuitesSequentially(TestNG.java:1208)
	at org.testng.TestNG.runSuitesLocally(TestNG.java:1137)
	at org.testng.TestNG.runSuites(TestNG.java:1049)
	at org.testng.TestNG.run(TestNG.java:1017)
	at org.testng.remote.AbstractRemoteTestNG.run(AbstractRemoteTestNG.java:114)
	at org.testng.remote.RemoteTestNG.initAndRun(RemoteTestNG.java:251)
	at org.testng.remote.RemoteTestNG.main(RemoteTestNG.java:77)
</pre></div></td>
<td>2</td>
<td>common.listners.OrangeHrm@7791a895</td></tr>
</table><p>
<table width='100%' border='1' class='invocation-passed'>
<tr><td colspan='4' align='center'><b>PASSED TESTS</b></td></tr>
<tr><td><b>Test method</b></td>
<td width="30%"><b>Exception</b></td>
<td width="10%"><b>Time (seconds)</b></td>
<td><b>Instance</b></td>
</tr>
<tr>
<td title='ApiAutomation.RestAssuredProject.Tc0005_SingleUserNotFound.SingleUserNotFound()'><b>SingleUserNotFound</b><br>Test class: ApiAutomation.RestAssuredProject.Tc0005_SingleUserNotFound</td>
<td></td>
<td>5</td>
<td>ApiAutomation.RestAssuredProject.Tc0005_SingleUserNotFound@61f8bee4</td></tr>
<tr>
<td title='ApiAutomation.RestAssuredProject.TC0007_CREATE.create_User()'><b>create_User</b><br>Test class: ApiAutomation.RestAssuredProject.TC0007_CREATE</td>
<td></td>
<td>2</td>
<td>ApiAutomation.RestAssuredProject.TC0007_CREATE@7b49cea0</td></tr>
<tr>
<td title='ApiAutomation.RestAssuredProject.TC00010Delay_User.delay_User()'><b>delay_User</b><br>Test class: ApiAutomation.RestAssuredProject.TC00010Delay_User</td>
<td></td>
<td>5</td>
<td>ApiAutomation.RestAssuredProject.TC00010Delay_User@887af79</td></tr>
<tr>
<td title='ApiAutomation.RestAssuredProject.TC0008Delete_Resource.delete_Resource()'><b>delete_Resource</b><br>Test class: ApiAutomation.RestAssuredProject.TC0008Delete_Resource</td>
<td></td>
<td>4</td>
<td>ApiAutomation.RestAssuredProject.TC0008Delete_Resource@2b9627bc</td></tr>
<tr>
<td title='ApiAutomation.RestAssuredProject.TC0003.getListOfEmployee()'><b>getListOfEmployee</b><br>Test class: ApiAutomation.RestAssuredProject.TC0003</td>
<td></td>
<td>3</td>
<td>ApiAutomation.RestAssuredProject.TC0003@65e2dbf3</td></tr>
<tr>
<td title='ApiAutomation.RestAssuredProject.TC0006_ListOfResource.getListOf_Resource()'><b>getListOf_Resource</b><br>Test class: ApiAutomation.RestAssuredProject.TC0006_ListOfResource</td>
<td></td>
<td>16</td>
<td>ApiAutomation.RestAssuredProject.TC0006_ListOfResource@67b92f0a</td></tr>
<tr>
<td title='ApiAutomation.RestAssuredProject.TC0006_ListOfResource.getListOf_Resource_Negative()'><b>getListOf_Resource_Negative</b><br>Test class: ApiAutomation.RestAssuredProject.TC0006_ListOfResource</td>
<td></td>
<td>1</td>
<td>ApiAutomation.RestAssuredProject.TC0006_ListOfResource@67b92f0a</td></tr>
<tr>
<td title='ApiAutomation.RestAssuredProject.Tc0004.getSingleUser()'><b>getSingleUser</b><br>Test class: ApiAutomation.RestAssuredProject.Tc0004</td>
<td></td>
<td>20</td>
<td>ApiAutomation.RestAssuredProject.Tc0004@3a5ed7a6</td></tr>
<tr>
<td title='ApiAutomation.RestAssuredProject.TC0001.getWeatherDeatils()'><b>getWeatherDeatils</b><br>Test class: ApiAutomation.RestAssuredProject.TC0001</td>
<td></td>
<td>3</td>
<td>ApiAutomation.RestAssuredProject.TC0001@6325a3ee</td></tr>
<tr>
<td title='ApiAutomation.RestAssuredProject.TC000011Login.login()'><b>login</b><br>Test class: ApiAutomation.RestAssuredProject.TC000011Login</td>
<td></td>
<td>1</td>
<td>ApiAutomation.RestAssuredProject.TC000011Login@4f970963</td></tr>
<tr>
<td title='ApiAutomation.RestAssuredProject.TC0009RegisterUser.registerUser()'><b>registerUser</b><br>Test class: ApiAutomation.RestAssuredProject.TC0009RegisterUser</td>
<td></td>
<td>2</td>
<td>ApiAutomation.RestAssuredProject.TC0009RegisterUser@7fac631b</td></tr>
<tr>
<td title='ApiAutomation.RestAssuredProject.TC0008_PUT_Opeartion.update_Operation()'><b>update_Operation</b><br>Test class: ApiAutomation.RestAssuredProject.TC0008_PUT_Opeartion</td>
<td></td>
<td>7</td>
<td>ApiAutomation.RestAssuredProject.TC0008_PUT_Opeartion@1d16f93d</td></tr>
<tr>
<td title='ApiAutomation.RestAssuredProject.TC0001.validateStatusCode()'><b>validateStatusCode</b><br>Test class: ApiAutomation.RestAssuredProject.TC0001</td>
<td></td>
<td>0</td>
<td>ApiAutomation.RestAssuredProject.TC0001@6325a3ee</td></tr>
<tr>
<td title='ApiAutomation.RestAssuredProject.TC0001.validateStatusLine()'><b>validateStatusLine</b><br>Test class: ApiAutomation.RestAssuredProject.TC0001</td>
<td></td>
<td>0</td>
<td>ApiAutomation.RestAssuredProject.TC0001@6325a3ee</td></tr>
<tr>
<td title='ApiAutomation.RestAssuredProject.TC0008_PUT_Opeartion.validate_Code()'><b>validate_Code</b><br>Test class: ApiAutomation.RestAssuredProject.TC0008_PUT_Opeartion</td>
<td></td>
<td>0</td>
<td>ApiAutomation.RestAssuredProject.TC0008_PUT_Opeartion@1d16f93d</td></tr>
<tr>
<td title='ApiAutomation.RestAssuredProject.TC0007_CREATE.validate_ResposeBodywith_Id()'><b>validate_ResposeBodywith_Id</b><br>Test class: ApiAutomation.RestAssuredProject.TC0007_CREATE</td>
<td></td>
<td>0</td>
<td>ApiAutomation.RestAssuredProject.TC0007_CREATE@7b49cea0</td></tr>
<tr>
<td title='ApiAutomation.RestAssuredProject.TC0007_CREATE.validate_respCode()'><b>validate_respCode</b><br>Test class: ApiAutomation.RestAssuredProject.TC0007_CREATE</td>
<td></td>
<td>0</td>
<td>ApiAutomation.RestAssuredProject.TC0007_CREATE@7b49cea0</td></tr>
<tr>
<td title='ApiAutomation.RestAssuredProject.TC00010Delay_User.validate_statuc_Line()'><b>validate_statuc_Line</b><br>Test class: ApiAutomation.RestAssuredProject.TC00010Delay_User</td>
<td></td>
<td>0</td>
<td>ApiAutomation.RestAssuredProject.TC00010Delay_User@887af79</td></tr>
<tr>
<td title='ApiAutomation.RestAssuredProject.TC00010Delay_User.validate_statusCode()'><b>validate_statusCode</b><br>Test class: ApiAutomation.RestAssuredProject.TC00010Delay_User</td>
<td></td>
<td>0</td>
<td>ApiAutomation.RestAssuredProject.TC00010Delay_User@887af79</td></tr>
<tr>
<td title='ApiAutomation.RestAssuredProject.TC0008Delete_Resource.validate_status_Code()'><b>validate_status_Code</b><br>Test class: ApiAutomation.RestAssuredProject.TC0008Delete_Resource</td>
<td></td>
<td>0</td>
<td>ApiAutomation.RestAssuredProject.TC0008Delete_Resource@2b9627bc</td></tr>
<tr>
<td title='ApiAutomation.RestAssuredProject.TC0007_CREATE.validated_responseBody_Name()'><b>validated_responseBody_Name</b><br>Test class: ApiAutomation.RestAssuredProject.TC0007_CREATE</td>
<td></td>
<td>0</td>
<td>ApiAutomation.RestAssuredProject.TC0007_CREATE@7b49cea0</td></tr>
</table><p>
</body>
</html>