<?xml version="1.0" encoding="UTF-8"?>
<!-- Generated by org.testng.reporters.JUnitXMLReporter -->
<testsuite hostname="Vaibhav" ignored="1" name="Test" tests="22" failures="1" timestamp="06 Mar 2021 14:34:01 GMT" time="134.448" errors="0">
  <testcase name="getSingleUser" time="20.254" classname="ApiAutomation.RestAssuredProject.Tc0004"/>
  <testcase name="login" time="1.402" classname="ApiAutomation.RestAssuredProject.TC000011Login"/>
  <testcase name="getWeatherDeatils" time="3.507" classname="ApiAutomation.RestAssuredProject.TC0001"/>
  <testcase name="validateStatusCode" time="0.005" classname="ApiAutomation.RestAssuredProject.TC0001"/>
  <testcase name="validateStatusLine" time="0.01" classname="ApiAutomation.RestAssuredProject.TC0001"/>
  <testcase name="SingleUserNotFound" time="5.349" classname="ApiAutomation.RestAssuredProject.Tc0005_SingleUserNotFound"/>
  <testcase name="update_Operation" time="7.108" classname="ApiAutomation.RestAssuredProject.TC0008_PUT_Opeartion"/>
  <testcase name="validate_Code" time="0.0" classname="ApiAutomation.RestAssuredProject.TC0008_PUT_Opeartion"/>
  <testcase name="create_User" time="2.001" classname="ApiAutomation.RestAssuredProject.TC0007_CREATE"/>
  <testcase name="validate_ResposeBodywith_Id" time="0.005" classname="ApiAutomation.RestAssuredProject.TC0007_CREATE"/>
  <testcase name="validate_respCode" time="0.004" classname="ApiAutomation.RestAssuredProject.TC0007_CREATE"/>
  <testcase name="validated_responseBody_Name" time="0.065" classname="ApiAutomation.RestAssuredProject.TC0007_CREATE"/>
  <testcase name="getListOf_Resource" time="16.449" classname="ApiAutomation.RestAssuredProject.TC0006_ListOfResource"/>
  <testcase name="getListOf_Resource_Negative" time="1.738" classname="ApiAutomation.RestAssuredProject.TC0006_ListOfResource"/>
  <testcase name="delay_User" time="5.045" classname="ApiAutomation.RestAssuredProject.TC00010Delay_User"/>
  <testcase name="validate_statuc_Line" time="0.005" classname="ApiAutomation.RestAssuredProject.TC00010Delay_User"/>
  <testcase name="validate_statusCode" time="0.005" classname="ApiAutomation.RestAssuredProject.TC00010Delay_User"/>
  <testcase name="delete_Resource" time="4.85" classname="ApiAutomation.RestAssuredProject.TC0008Delete_Resource"/>
  <testcase name="validate_status_Code" time="0.0" classname="ApiAutomation.RestAssuredProject.TC0008Delete_Resource"/>
  <testcase name="registerUser" time="2.941" classname="ApiAutomation.RestAssuredProject.TC0009RegisterUser"/>
  <testcase name="getListOfEmployee" time="3.81" classname="ApiAutomation.RestAssuredProject.TC0003"/>
  <testcase name="Test1" time="2.926" classname="common.listners.OrangeHrm">
    <failure type="org.openqa.selenium.NoSuchElementException" message="no such element: Unable to locate element: {&amp;quot;method&amp;quot;:&amp;quot;css selector&amp;quot;,&amp;quot;selector&amp;quot;:&amp;quot;#btnLogin1&amp;quot;}
  (Session info: chrome=88.0.4324.190)
For documentation on this error, please visit: https://www.seleniumhq.org/exceptions/no_such_element.html
Build info: version: &amp;apos;3.141.59&amp;apos;, revision: &amp;apos;e82be7d358&amp;apos;, time: &amp;apos;2018-11-14T08:17:03&amp;apos;
System info: host: &amp;apos;VAIBHAV&amp;apos;, ip: &amp;apos;192.168.43.235&amp;apos;, os.name: &amp;apos;Windows 8.1&amp;apos;, os.arch: &amp;apos;amd64&amp;apos;, os.version: &amp;apos;6.3&amp;apos;, java.version: &amp;apos;1.8.0_121&amp;apos;
Driver info: org.openqa.selenium.chrome.ChromeDriver
Capabilities {acceptInsecureCerts: false, browserName: chrome, browserVersion: 88.0.4324.190, chrome: {chromedriverVersion: 87.0.4280.88 (89e2380a3e36c..., userDataDir: C:\Users\qq\AppData\Local\T...}, goog:chromeOptions: {debuggerAddress: localhost:64625}, javascriptEnabled: true, networkConnectionEnabled: false, pageLoadStrategy: normal, platform: WINDOWS, platformName: WINDOWS, proxy: Proxy(), setWindowRect: true, strictFileInteractability: false, timeouts: {implicit: 0, pageLoad: 300000, script: 30000}, unhandledPromptBehavior: dismiss and notify, webauthn:virtualAuthenticators: true}
Session ID: 7d44f40599d9c5f9355719f076d24db2
*** Element info: {Using=id, value=btnLogin1}">
      <![CDATA[org.openqa.selenium.NoSuchElementException: no such element: Unable to locate element: {"method":"css selector","selector":"#btnLogin1"}
  (Session info: chrome=88.0.4324.190)
For documentation on this error, please visit: https://www.seleniumhq.org/exceptions/no_such_element.html
Build info: version: '3.141.59', revision: 'e82be7d358', time: '2018-11-14T08:17:03'
System info: host: 'VAIBHAV', ip: '192.168.43.235', os.name: 'Windows 8.1', os.arch: 'amd64', os.version: '6.3', java.version: '1.8.0_121'
Driver info: org.openqa.selenium.chrome.ChromeDriver
Capabilities {acceptInsecureCerts: false, browserName: chrome, browserVersion: 88.0.4324.190, chrome: {chromedriverVersion: 87.0.4280.88 (89e2380a3e36c..., userDataDir: C:\Users\qq\AppData\Local\T...}, goog:chromeOptions: {debuggerAddress: localhost:64625}, javascriptEnabled: true, networkConnectionEnabled: false, pageLoadStrategy: normal, platform: WINDOWS, platformName: WINDOWS, proxy: Proxy(), setWindowRect: true, strictFileInteractability: false, timeouts: {implicit: 0, pageLoad: 300000, script: 30000}, unhandledPromptBehavior: dismiss and notify, webauthn:virtualAuthenticators: true}
Session ID: 7d44f40599d9c5f9355719f076d24db2
*** Element info: {Using=id, value=btnLogin1}
at org.openqa.selenium.remote.http.W3CHttpResponseCodec.createException(W3CHttpResponseCodec.java:187)
at org.openqa.selenium.remote.http.W3CHttpResponseCodec.decode(W3CHttpResponseCodec.java:122)
at org.openqa.selenium.remote.http.W3CHttpResponseCodec.decode(W3CHttpResponseCodec.java:49)
at org.openqa.selenium.remote.HttpCommandExecutor.execute(HttpCommandExecutor.java:158)
at org.openqa.selenium.remote.service.DriverCommandExecutor.execute(DriverCommandExecutor.java:83)
at org.openqa.selenium.remote.RemoteWebDriver.execute(RemoteWebDriver.java:552)
at org.openqa.selenium.remote.RemoteWebDriver.findElement(RemoteWebDriver.java:323)
at org.openqa.selenium.remote.RemoteWebDriver.findElementById(RemoteWebDriver.java:372)
at org.openqa.selenium.By$ById.findElement(By.java:188)
at org.openqa.selenium.remote.RemoteWebDriver.findElement(RemoteWebDriver.java:315)
at common.listners.OrangeHrm.Test1(OrangeHrm.java:45)
... Removed 29 stack frames]]>
    </failure>
  </testcase> <!-- Test1 -->
  <testcase name="verifyJsonData" time="0.0" classname="ApiAutomation.RestAssuredProject.TC0002">
    <ignored/>
  </testcase> <!-- verifyJsonData -->
</testsuite> <!-- Test -->
